[0.463s] Invoking command in '/home/dndqodqks/ros2_ws/build/realtime_tools': /home/dndqodqks/.local/bin/cmake --build /home/dndqodqks/ros2_ws/build/realtime_tools -- -j8 -l8
[0.500s] -- Found ament_cmake: 0.9.11 (/opt/ros/foxy/share/ament_cmake/cmake)
[0.517s] -- Using PYTHON_EXECUTABLE: /usr/bin/python3
[0.639s] Traceback (most recent call last):
[0.639s]   File "/opt/ros/foxy/share/ament_cmake_core/cmake/package_templates/templates_2_cmake.py", line 21, in <module>
[0.639s]     from ament_package.templates import get_environment_hook_template_path
[0.639s] ModuleNotFoundError: No module named 'ament_package'
[0.665s] CMake Error at /opt/ros/foxy/share/ament_cmake_core/cmake/ament_cmake_package_templates-extras.cmake:41 (message):
[0.665s]   execute_process(/usr/bin/python3
[0.665s]   /opt/ros/foxy/share/ament_cmake_core/cmake/package_templates/templates_2_cmake.py
[0.665s]   /home/dndqodqks/ros2_ws/build/realtime_tools/ament_cmake_package_templates/templates.cmake)
[0.665s]   returned error code 1
[0.665s] Call Stack (most recent call first):
[0.665s]   /opt/ros/foxy/share/ament_cmake_core/cmake/ament_cmake_coreConfig.cmake:41 (include)
[0.665s]   /opt/ros/foxy/share/ament_cmake/cmake/ament_cmake_export_dependencies-extras.cmake:15 (find_package)
[0.665s]   /opt/ros/foxy/share/ament_cmake/cmake/ament_cmakeConfig.cmake:41 (include)
[0.665s]   CMakeLists.txt:9 (find_package)
[0.665s] 
[0.666s] 
[0.666s] make: *** [Makefile:542: cmake_check_build_system] Error 1
[0.666s] -- Configuring incomplete, errors occurred!
[0.666s] See also "/home/dndqodqks/ros2_ws/build/realtime_tools/CMakeFiles/CMakeOutput.log".
[0.666s] See also "/home/dndqodqks/ros2_ws/build/realtime_tools/CMakeFiles/CMakeError.log".
