[0.043s] Invoking command in '/home/dndqodqks/ros2_ws/build/control_msgs': /home/dndqodqks/.local/bin/cmake --build /home/dndqodqks/ros2_ws/build/control_msgs -- -j8 -l8
[0.498s] -- Found ament_cmake: 0.9.11 (/opt/ros/foxy/share/ament_cmake/cmake)
[0.498s] -- Found PythonInterp: /usr/bin/python3 (found suitable version "3.8.10", minimum required is "3") 
[0.498s] -- Using PYTHON_EXECUTABLE: /usr/bin/python3
[0.498s] -- Configuring incomplete, errors occurred!
[0.499s] See also "/home/dndqodqks/ros2_ws/build/control_msgs/CMakeFiles/CMakeOutput.log".
[0.499s] Traceback (most recent call last):
[0.499s]   File "/opt/ros/foxy/share/ament_cmake_core/cmake/package_templates/templates_2_cmake.py", line 21, in <module>
[0.499s]     from ament_package.templates import get_environment_hook_template_path
[0.499s] ModuleNotFoundError: No module named 'ament_package'
[0.499s] CMake Error at /opt/ros/foxy/share/ament_cmake_core/cmake/ament_cmake_package_templates-extras.cmake:41 (message):
[0.500s]   execute_process(/usr/bin/python3
[0.501s]   /opt/ros/foxy/share/ament_cmake_core/cmake/package_templates/templates_2_cmake.py
[0.502s]   /home/dndqodqks/ros2_ws/build/control_msgs/ament_cmake_package_templates/templates.cmake)
[0.502s]   returned error code 1
[0.502s] Call Stack (most recent call first):
[0.502s]   /opt/ros/foxy/share/ament_cmake_core/cmake/ament_cmake_coreConfig.cmake:41 (include)
[0.502s]   /opt/ros/foxy/share/ament_cmake/cmake/ament_cmake_export_dependencies-extras.cmake:15 (find_package)
[0.502s]   /opt/ros/foxy/share/ament_cmake/cmake/ament_cmakeConfig.cmake:41 (include)
[0.502s]   CMakeLists.txt:13 (find_package)
[0.502s] 
[0.502s] 
[0.502s] make: *** [Makefile:4108: cmake_check_build_system] Error 1
[0.503s] Invoked command in '/home/dndqodqks/ros2_ws/build/control_msgs' returned '2': /home/dndqodqks/.local/bin/cmake --build /home/dndqodqks/ros2_ws/build/control_msgs -- -j8 -l8
